<?xml version="1.0" encoding="UTF-8"?>
<!-- Generated by org.testng.reporters.JUnitXMLReporter -->
<testsuite ignored="8" hostname="LAPTOP-31URDJPT" failures="0" tests="6" name="Test" time="59.618" errors="0" timestamp="2023-08-15T08:47:08 EDT">
  <testcase classname="DemoBlazeTests.TC_002_DemoBlaze_Login_Test" name="logInTest" time="20.616"/>
  <testcase classname="DemoBlazeTests.TC_002_DemoBlaze_Login_Test" name="logInTest" time="20.13"/>
  <testcase classname="DemoBlazeTests.TC_001_DemoBlaze_Signup_Test" name="signUpTest" time="1.696"/>
  <testcase classname="DemoBlazeTests.TC_001_DemoBlaze_Signup_Test" name="signUpTest" time="1.63"/>
  <testcase classname="DemoBlazeTests.TC_003_DemoBlaze_SignupRandom_Test" name="signUpTest" time="1.607"/>
  <testcase classname="DemoBlazeTests.TC_003_DemoBlaze_SignupRandom_Test" name="signUpTest" time="1.827"/>
  <testcase classname="wrappers.ProjectWrappers" name="@AfterSuite afterSuite" time="0.0">
    <ignored/>
  </testcase> <!-- @AfterSuite afterSuite -->
  <testcase classname="wrappers.ProjectWrappers" name="@AfterSuite afterSuite" time="0.0">
    <ignored/>
  </testcase> <!-- @AfterSuite afterSuite -->
  <testcase classname="wrappers.ProjectWrappers" name="@BeforeTest beforeTest" time="0.0">
    <ignored/>
  </testcase> <!-- @BeforeTest beforeTest -->
  <testcase classname="wrappers.ProjectWrappers" name="@BeforeTest beforeTest" time="0.0">
    <ignored/>
  </testcase> <!-- @BeforeTest beforeTest -->
  <testcase classname="wrappers.ProjectWrappers" name="@AfterTest afterTest" time="0.0">
    <ignored/>
  </testcase> <!-- @AfterTest afterTest -->
  <testcase classname="wrappers.ProjectWrappers" name="@AfterTest afterTest" time="0.0">
    <ignored/>
  </testcase> <!-- @AfterTest afterTest -->
  <testcase classname="wrappers.ProjectWrappers" name="@BeforeSuite beforeSuite" time="0.0">
    <ignored/>
  </testcase> <!-- @BeforeSuite beforeSuite -->
  <testcase classname="wrappers.ProjectWrappers" name="@BeforeSuite beforeSuite" time="0.0">
    <ignored/>
  </testcase> <!-- @BeforeSuite beforeSuite -->
</testsuite> <!-- Test -->
