<?xml version="1.0" encoding="UTF-8"?>
<testng-results ignored="0" total="2" passed="2" failed="0" skipped="0">
  <reporter-output>
  </reporter-output>
  <suite started-at="2023-08-14T20:58:12 EDT" name="Default suite" finished-at="2023-08-14T20:58:22 EDT" duration-ms="9299">
    <groups>
    </groups>
    <test started-at="2023-08-14T20:58:12 EDT" name="Default test" finished-at="2023-08-14T20:58:22 EDT" duration-ms="9299">
      <class name="DemoBlazeTests.TC_001_DemoBlaze_Signup_Test">
        <test-method is-config="true" signature="beforeSuite()[pri:0, instance:DemoBlazeTests.TC_001_DemoBlaze_Signup_Test@fbd1f6]" started-at="2023-08-14T20:58:12 EDT" name="beforeSuite" finished-at="2023-08-14T20:58:12 EDT" duration-ms="146" status="PASS">
          <reporter-output>
          </reporter-output>
        </test-method> <!-- beforeSuite -->
        <test-method is-config="true" signature="beforeTest()[pri:0, instance:DemoBlazeTests.TC_001_DemoBlaze_Signup_Test@fbd1f6]" started-at="2023-08-14T20:58:12 EDT" name="beforeTest" finished-at="2023-08-14T20:58:12 EDT" duration-ms="1" status="PASS">
          <reporter-output>
          </reporter-output>
        </test-method> <!-- beforeTest -->
        <test-method is-config="true" signature="setConditions()[pri:0, instance:DemoBlazeTests.TC_001_DemoBlaze_Signup_Test@fbd1f6]" started-at="2023-08-14T20:58:12 EDT" name="setConditions" finished-at="2023-08-14T20:58:12 EDT" duration-ms="1" status="PASS">
          <reporter-output>
          </reporter-output>
        </test-method> <!-- setConditions -->
        <test-method is-config="true" signature="beforeMethod()[pri:0, instance:DemoBlazeTests.TC_001_DemoBlaze_Signup_Test@fbd1f6]" started-at="2023-08-14T20:58:13 EDT" name="beforeMethod" finished-at="2023-08-14T20:58:16 EDT" duration-ms="3205" status="PASS">
          <reporter-output>
          </reporter-output>
        </test-method> <!-- beforeMethod -->
        <test-method signature="signUpTest(java.lang.String,java.lang.String)[pri:0, instance:DemoBlazeTests.TC_001_DemoBlaze_Signup_Test@fbd1f6]" started-at="2023-08-14T20:58:16 EDT" name="signUpTest" data-provider="fetchData" finished-at="2023-08-14T20:58:18 EDT" duration-ms="1856" status="PASS">
          <params>
            <param index="0">
              <value>
                <![CDATA[rk@pk.com]]>
              </value>
            </param>
            <param index="1">
              <value>
                <![CDATA[Test1234]]>
              </value>
            </param>
          </params>
          <reporter-output>
          </reporter-output>
        </test-method> <!-- signUpTest -->
        <test-method is-config="true" signature="afterMethod()[pri:0, instance:DemoBlazeTests.TC_001_DemoBlaze_Signup_Test@fbd1f6]" started-at="2023-08-14T20:58:18 EDT" name="afterMethod" finished-at="2023-08-14T20:58:18 EDT" duration-ms="193" status="PASS">
          <reporter-output>
          </reporter-output>
        </test-method> <!-- afterMethod -->
        <test-method is-config="true" signature="beforeMethod()[pri:0, instance:DemoBlazeTests.TC_001_DemoBlaze_Signup_Test@fbd1f6]" started-at="2023-08-14T20:58:18 EDT" name="beforeMethod" finished-at="2023-08-14T20:58:20 EDT" duration-ms="1694" status="PASS">
          <reporter-output>
          </reporter-output>
        </test-method> <!-- beforeMethod -->
        <test-method signature="signUpTest(java.lang.String,java.lang.String)[pri:0, instance:DemoBlazeTests.TC_001_DemoBlaze_Signup_Test@fbd1f6]" started-at="2023-08-14T20:58:20 EDT" name="signUpTest" data-provider="fetchData" finished-at="2023-08-14T20:58:21 EDT" duration-ms="1764" status="PASS">
          <params>
            <param index="0">
              <value>
                <![CDATA[Rrp@nk.com]]>
              </value>
            </param>
            <param index="1">
              <value>
                <![CDATA[Test4567]]>
              </value>
            </param>
          </params>
          <reporter-output>
          </reporter-output>
        </test-method> <!-- signUpTest -->
        <test-method is-config="true" signature="afterMethod()[pri:0, instance:DemoBlazeTests.TC_001_DemoBlaze_Signup_Test@fbd1f6]" started-at="2023-08-14T20:58:21 EDT" name="afterMethod" finished-at="2023-08-14T20:58:22 EDT" duration-ms="190" status="PASS">
          <reporter-output>
          </reporter-output>
        </test-method> <!-- afterMethod -->
        <test-method is-config="true" signature="afterClass()[pri:0, instance:DemoBlazeTests.TC_001_DemoBlaze_Signup_Test@fbd1f6]" started-at="2023-08-14T20:58:22 EDT" name="afterClass" finished-at="2023-08-14T20:58:22 EDT" duration-ms="2" status="PASS">
          <reporter-output>
          </reporter-output>
        </test-method> <!-- afterClass -->
        <test-method is-config="true" signature="afterTest()[pri:0, instance:DemoBlazeTests.TC_001_DemoBlaze_Signup_Test@fbd1f6]" started-at="2023-08-14T20:58:22 EDT" name="afterTest" finished-at="2023-08-14T20:58:22 EDT" duration-ms="0" status="PASS">
          <reporter-output>
          </reporter-output>
        </test-method> <!-- afterTest -->
        <test-method is-config="true" signature="afterSuite()[pri:0, instance:DemoBlazeTests.TC_001_DemoBlaze_Signup_Test@fbd1f6]" started-at="2023-08-14T20:58:22 EDT" name="afterSuite" finished-at="2023-08-14T20:58:22 EDT" duration-ms="203" status="PASS">
          <reporter-output>
          </reporter-output>
        </test-method> <!-- afterSuite -->
      </class> <!-- DemoBlazeTests.TC_001_DemoBlaze_Signup_Test -->
    </test> <!-- Default test -->
  </suite> <!-- Default suite -->
</testng-results>
