<?xml version="1.0" encoding="UTF-8"?>
<testng-results ignored="8" total="14" passed="6" failed="0" skipped="0">
  <reporter-output>
  </reporter-output>
  <suite started-at="2023-08-15T08:46:08 EDT" name="Suite" finished-at="2023-08-15T08:47:08 EDT" duration-ms="59618">
    <groups>
    </groups>
    <test started-at="2023-08-15T08:46:08 EDT" name="Test" finished-at="2023-08-15T08:47:08 EDT" duration-ms="59618">
      <class name="DemoBlazeTests.TC_003_DemoBlaze_SignupRandom_Test">
        <test-method is-config="true" signature="setConditions()[pri:0, instance:DemoBlazeTests.TC_003_DemoBlaze_SignupRandom_Test@2925bf5b]" started-at="2023-08-15T08:47:01 EDT" name="setConditions" finished-at="2023-08-15T08:47:01 EDT" duration-ms="0" status="PASS">
          <reporter-output>
          </reporter-output>
        </test-method> <!-- setConditions -->
        <test-method is-config="true" signature="beforeMethod()[pri:0, instance:DemoBlazeTests.TC_003_DemoBlaze_SignupRandom_Test@2925bf5b]" started-at="2023-08-15T08:47:01 EDT" name="beforeMethod" finished-at="2023-08-15T08:47:02 EDT" duration-ms="1621" status="PASS">
          <reporter-output>
          </reporter-output>
        </test-method> <!-- beforeMethod -->
        <test-method signature="signUpTest(java.lang.String)[pri:0, instance:DemoBlazeTests.TC_003_DemoBlaze_SignupRandom_Test@2925bf5b]" started-at="2023-08-15T08:47:02 EDT" name="signUpTest" data-provider="fetchData" finished-at="2023-08-15T08:47:04 EDT" duration-ms="1607" status="PASS">
          <params>
            <param index="0">
              <value>
                <![CDATA[Test1234]]>
              </value>
            </param>
          </params>
          <reporter-output>
          </reporter-output>
        </test-method> <!-- signUpTest -->
        <test-method is-config="true" signature="afterMethod()[pri:0, instance:DemoBlazeTests.TC_003_DemoBlaze_SignupRandom_Test@2925bf5b]" started-at="2023-08-15T08:47:04 EDT" name="afterMethod" finished-at="2023-08-15T08:47:04 EDT" duration-ms="187" status="PASS">
          <reporter-output>
          </reporter-output>
        </test-method> <!-- afterMethod -->
        <test-method is-config="true" signature="beforeMethod()[pri:0, instance:DemoBlazeTests.TC_003_DemoBlaze_SignupRandom_Test@2925bf5b]" started-at="2023-08-15T08:47:04 EDT" name="beforeMethod" finished-at="2023-08-15T08:47:06 EDT" duration-ms="1568" status="PASS">
          <reporter-output>
          </reporter-output>
        </test-method> <!-- beforeMethod -->
        <test-method signature="signUpTest(java.lang.String)[pri:0, instance:DemoBlazeTests.TC_003_DemoBlaze_SignupRandom_Test@2925bf5b]" started-at="2023-08-15T08:47:06 EDT" name="signUpTest" data-provider="fetchData" finished-at="2023-08-15T08:47:08 EDT" duration-ms="1827" status="PASS">
          <params>
            <param index="0">
              <value>
                <![CDATA[Test4546]]>
              </value>
            </param>
          </params>
          <reporter-output>
          </reporter-output>
        </test-method> <!-- signUpTest -->
        <test-method is-config="true" signature="afterMethod()[pri:0, instance:DemoBlazeTests.TC_003_DemoBlaze_SignupRandom_Test@2925bf5b]" started-at="2023-08-15T08:47:08 EDT" name="afterMethod" finished-at="2023-08-15T08:47:08 EDT" duration-ms="199" status="PASS">
          <reporter-output>
          </reporter-output>
        </test-method> <!-- afterMethod -->
        <test-method is-config="true" signature="afterClass()[pri:0, instance:DemoBlazeTests.TC_003_DemoBlaze_SignupRandom_Test@2925bf5b]" started-at="2023-08-15T08:47:08 EDT" name="afterClass" finished-at="2023-08-15T08:47:08 EDT" duration-ms="0" status="PASS">
          <reporter-output>
          </reporter-output>
        </test-method> <!-- afterClass -->
      </class> <!-- DemoBlazeTests.TC_003_DemoBlaze_SignupRandom_Test -->
      <class name="DemoBlazeTests.TC_001_DemoBlaze_Signup_Test">
        <test-method is-config="true" signature="setConditions()[pri:0, instance:DemoBlazeTests.TC_001_DemoBlaze_Signup_Test@45c7e403]" started-at="2023-08-15T08:46:54 EDT" name="setConditions" finished-at="2023-08-15T08:46:54 EDT" duration-ms="0" status="PASS">
          <reporter-output>
          </reporter-output>
        </test-method> <!-- setConditions -->
        <test-method is-config="true" signature="beforeMethod()[pri:0, instance:DemoBlazeTests.TC_001_DemoBlaze_Signup_Test@45c7e403]" started-at="2023-08-15T08:46:54 EDT" name="beforeMethod" finished-at="2023-08-15T08:46:55 EDT" duration-ms="1645" status="PASS">
          <reporter-output>
          </reporter-output>
        </test-method> <!-- beforeMethod -->
        <test-method signature="signUpTest(java.lang.String,java.lang.String)[pri:0, instance:DemoBlazeTests.TC_001_DemoBlaze_Signup_Test@45c7e403]" started-at="2023-08-15T08:46:55 EDT" name="signUpTest" data-provider="fetchData" finished-at="2023-08-15T08:46:57 EDT" duration-ms="1696" status="PASS">
          <params>
            <param index="0">
              <value>
                <![CDATA[kk@mpk.com]]>
              </value>
            </param>
            <param index="1">
              <value>
                <![CDATA[Test1234]]>
              </value>
            </param>
          </params>
          <reporter-output>
          </reporter-output>
        </test-method> <!-- signUpTest -->
        <test-method is-config="true" signature="afterMethod()[pri:0, instance:DemoBlazeTests.TC_001_DemoBlaze_Signup_Test@45c7e403]" started-at="2023-08-15T08:46:57 EDT" name="afterMethod" finished-at="2023-08-15T08:46:57 EDT" duration-ms="180" status="PASS">
          <reporter-output>
          </reporter-output>
        </test-method> <!-- afterMethod -->
        <test-method is-config="true" signature="beforeMethod()[pri:0, instance:DemoBlazeTests.TC_001_DemoBlaze_Signup_Test@45c7e403]" started-at="2023-08-15T08:46:57 EDT" name="beforeMethod" finished-at="2023-08-15T08:46:59 EDT" duration-ms="1621" status="PASS">
          <reporter-output>
          </reporter-output>
        </test-method> <!-- beforeMethod -->
        <test-method signature="signUpTest(java.lang.String,java.lang.String)[pri:0, instance:DemoBlazeTests.TC_001_DemoBlaze_Signup_Test@45c7e403]" started-at="2023-08-15T08:46:59 EDT" name="signUpTest" data-provider="fetchData" finished-at="2023-08-15T08:47:01 EDT" duration-ms="1630" status="PASS">
          <params>
            <param index="0">
              <value>
                <![CDATA[hjr@rj.com]]>
              </value>
            </param>
            <param index="1">
              <value>
                <![CDATA[Test4546]]>
              </value>
            </param>
          </params>
          <reporter-output>
          </reporter-output>
        </test-method> <!-- signUpTest -->
        <test-method is-config="true" signature="afterMethod()[pri:0, instance:DemoBlazeTests.TC_001_DemoBlaze_Signup_Test@45c7e403]" started-at="2023-08-15T08:47:01 EDT" name="afterMethod" finished-at="2023-08-15T08:47:01 EDT" duration-ms="194" status="PASS">
          <reporter-output>
          </reporter-output>
        </test-method> <!-- afterMethod -->
        <test-method is-config="true" signature="afterClass()[pri:0, instance:DemoBlazeTests.TC_001_DemoBlaze_Signup_Test@45c7e403]" started-at="2023-08-15T08:47:01 EDT" name="afterClass" finished-at="2023-08-15T08:47:01 EDT" duration-ms="0" status="PASS">
          <reporter-output>
          </reporter-output>
        </test-method> <!-- afterClass -->
      </class> <!-- DemoBlazeTests.TC_001_DemoBlaze_Signup_Test -->
      <class name="DemoBlazeTests.TC_002_DemoBlaze_Login_Test">
        <test-method is-config="true" signature="beforeSuite()[pri:0, instance:DemoBlazeTests.TC_002_DemoBlaze_Login_Test@7a8c8dcf]" started-at="2023-08-15T08:46:08 EDT" name="beforeSuite" finished-at="2023-08-15T08:46:08 EDT" duration-ms="139" status="PASS">
          <reporter-output>
          </reporter-output>
        </test-method> <!-- beforeSuite -->
        <test-method is-config="true" signature="beforeTest()[pri:0, instance:DemoBlazeTests.TC_002_DemoBlaze_Login_Test@7a8c8dcf]" started-at="2023-08-15T08:46:08 EDT" name="beforeTest" finished-at="2023-08-15T08:46:08 EDT" duration-ms="1" status="PASS">
          <reporter-output>
          </reporter-output>
        </test-method> <!-- beforeTest -->
        <test-method is-config="true" signature="setConditions()[pri:0, instance:DemoBlazeTests.TC_002_DemoBlaze_Login_Test@7a8c8dcf]" started-at="2023-08-15T08:46:08 EDT" name="setConditions" finished-at="2023-08-15T08:46:08 EDT" duration-ms="1" status="PASS">
          <reporter-output>
          </reporter-output>
        </test-method> <!-- setConditions -->
        <test-method is-config="true" signature="beforeMethod()[pri:0, instance:DemoBlazeTests.TC_002_DemoBlaze_Login_Test@7a8c8dcf]" started-at="2023-08-15T08:46:09 EDT" name="beforeMethod" finished-at="2023-08-15T08:46:11 EDT" duration-ms="2444" status="PASS">
          <reporter-output>
          </reporter-output>
        </test-method> <!-- beforeMethod -->
        <test-method signature="logInTest(java.lang.String,java.lang.String,java.lang.String)[pri:0, instance:DemoBlazeTests.TC_002_DemoBlaze_Login_Test@7a8c8dcf]" started-at="2023-08-15T08:46:11 EDT" name="logInTest" data-provider="fetchData" finished-at="2023-08-15T08:46:32 EDT" duration-ms="20616" status="PASS">
          <params>
            <param index="0">
              <value>
                <![CDATA[kk@mpk.com]]>
              </value>
            </param>
            <param index="1">
              <value>
                <![CDATA[Test1234]]>
              </value>
            </param>
            <param index="2">
              <value>
                <![CDATA[Welcome kk@mpk.com]]>
              </value>
            </param>
          </params>
          <reporter-output>
          </reporter-output>
        </test-method> <!-- logInTest -->
        <test-method is-config="true" signature="afterMethod()[pri:0, instance:DemoBlazeTests.TC_002_DemoBlaze_Login_Test@7a8c8dcf]" started-at="2023-08-15T08:46:32 EDT" name="afterMethod" finished-at="2023-08-15T08:46:32 EDT" duration-ms="195" status="PASS">
          <reporter-output>
          </reporter-output>
        </test-method> <!-- afterMethod -->
        <test-method is-config="true" signature="beforeMethod()[pri:0, instance:DemoBlazeTests.TC_002_DemoBlaze_Login_Test@7a8c8dcf]" started-at="2023-08-15T08:46:32 EDT" name="beforeMethod" finished-at="2023-08-15T08:46:33 EDT" duration-ms="1618" status="PASS">
          <reporter-output>
          </reporter-output>
        </test-method> <!-- beforeMethod -->
        <test-method signature="logInTest(java.lang.String,java.lang.String,java.lang.String)[pri:0, instance:DemoBlazeTests.TC_002_DemoBlaze_Login_Test@7a8c8dcf]" started-at="2023-08-15T08:46:33 EDT" name="logInTest" data-provider="fetchData" finished-at="2023-08-15T08:46:54 EDT" duration-ms="20130" status="PASS">
          <params>
            <param index="0">
              <value>
                <![CDATA[hjr@rj.com]]>
              </value>
            </param>
            <param index="1">
              <value>
                <![CDATA[Test4546]]>
              </value>
            </param>
            <param index="2">
              <value>
                <![CDATA[Welcome hjr@rj.com]]>
              </value>
            </param>
          </params>
          <reporter-output>
          </reporter-output>
        </test-method> <!-- logInTest -->
        <test-method is-config="true" signature="afterMethod()[pri:0, instance:DemoBlazeTests.TC_002_DemoBlaze_Login_Test@7a8c8dcf]" started-at="2023-08-15T08:46:54 EDT" name="afterMethod" finished-at="2023-08-15T08:46:54 EDT" duration-ms="173" status="PASS">
          <reporter-output>
          </reporter-output>
        </test-method> <!-- afterMethod -->
        <test-method is-config="true" signature="afterClass()[pri:0, instance:DemoBlazeTests.TC_002_DemoBlaze_Login_Test@7a8c8dcf]" started-at="2023-08-15T08:46:54 EDT" name="afterClass" finished-at="2023-08-15T08:46:54 EDT" duration-ms="1" status="PASS">
          <reporter-output>
          </reporter-output>
        </test-method> <!-- afterClass -->
        <test-method is-config="true" signature="afterTest()[pri:0, instance:DemoBlazeTests.TC_002_DemoBlaze_Login_Test@7a8c8dcf]" started-at="2023-08-15T08:47:08 EDT" name="afterTest" finished-at="2023-08-15T08:47:08 EDT" duration-ms="1" status="PASS">
          <reporter-output>
          </reporter-output>
        </test-method> <!-- afterTest -->
        <test-method is-config="true" signature="afterSuite()[pri:0, instance:DemoBlazeTests.TC_002_DemoBlaze_Login_Test@7a8c8dcf]" started-at="2023-08-15T08:47:08 EDT" name="afterSuite" finished-at="2023-08-15T08:47:08 EDT" duration-ms="217" status="PASS">
          <reporter-output>
          </reporter-output>
        </test-method> <!-- afterSuite -->
      </class> <!-- DemoBlazeTests.TC_002_DemoBlaze_Login_Test -->
    </test> <!-- Test -->
  </suite> <!-- Suite -->
</testng-results>
