<?xml version="1.0" encoding="UTF-8"?>
<testng-results ignored="0" total="1" passed="1" failed="0" skipped="0">
  <reporter-output>
  </reporter-output>
  <suite started-at="2023-08-17T02:24:46 EDT" name="Default suite" finished-at="2023-08-17T02:25:07 EDT" duration-ms="21648">
    <groups>
    </groups>
    <test started-at="2023-08-17T02:24:46 EDT" name="Default test" finished-at="2023-08-17T02:25:07 EDT" duration-ms="21648">
      <class name="DemoBlazeTests.TC_005_AddToCartTest">
        <test-method is-config="true" signature="beforeSuite()[pri:0, instance:DemoBlazeTests.TC_005_AddToCartTest@fbd1f6]" started-at="2023-08-17T02:24:46 EDT" name="beforeSuite" finished-at="2023-08-17T02:24:46 EDT" duration-ms="133" status="PASS">
          <reporter-output>
          </reporter-output>
        </test-method> <!-- beforeSuite -->
        <test-method is-config="true" signature="beforeTest()[pri:0, instance:DemoBlazeTests.TC_005_AddToCartTest@fbd1f6]" started-at="2023-08-17T02:24:46 EDT" name="beforeTest" finished-at="2023-08-17T02:24:46 EDT" duration-ms="1" status="PASS">
          <reporter-output>
          </reporter-output>
        </test-method> <!-- beforeTest -->
        <test-method is-config="true" signature="setConditions()[pri:0, instance:DemoBlazeTests.TC_005_AddToCartTest@fbd1f6]" started-at="2023-08-17T02:24:46 EDT" name="setConditions" finished-at="2023-08-17T02:24:46 EDT" duration-ms="0" status="PASS">
          <reporter-output>
          </reporter-output>
        </test-method> <!-- setConditions -->
        <test-method is-config="true" signature="beforeMethod()[pri:0, instance:DemoBlazeTests.TC_005_AddToCartTest@fbd1f6]" started-at="2023-08-17T02:24:46 EDT" name="beforeMethod" finished-at="2023-08-17T02:24:49 EDT" duration-ms="2624" status="PASS">
          <reporter-output>
          </reporter-output>
        </test-method> <!-- beforeMethod -->
        <test-method signature="addToCartTest(java.lang.String,java.lang.String,java.lang.String)[pri:0, instance:DemoBlazeTests.TC_005_AddToCartTest@fbd1f6]" started-at="2023-08-17T02:24:49 EDT" name="addToCartTest" data-provider="fetchData" finished-at="2023-08-17T02:25:07 EDT" duration-ms="18399" status="PASS">
          <params>
            <param index="0">
              <value>
                <![CDATA[ASUS Full HD]]>
              </value>
            </param>
            <param index="1">
              <value>
                <![CDATA[$230 *includes tax]]>
              </value>
            </param>
            <param index="2">
              <value>
                <![CDATA[Product added.]]>
              </value>
            </param>
          </params>
          <reporter-output>
          </reporter-output>
        </test-method> <!-- addToCartTest -->
        <test-method is-config="true" signature="afterMethod()[pri:0, instance:DemoBlazeTests.TC_005_AddToCartTest@fbd1f6]" started-at="2023-08-17T02:25:07 EDT" name="afterMethod" finished-at="2023-08-17T02:25:07 EDT" duration-ms="182" status="PASS">
          <reporter-output>
          </reporter-output>
        </test-method> <!-- afterMethod -->
        <test-method is-config="true" signature="afterClass()[pri:0, instance:DemoBlazeTests.TC_005_AddToCartTest@fbd1f6]" started-at="2023-08-17T02:25:07 EDT" name="afterClass" finished-at="2023-08-17T02:25:07 EDT" duration-ms="1" status="PASS">
          <reporter-output>
          </reporter-output>
        </test-method> <!-- afterClass -->
        <test-method is-config="true" signature="afterTest()[pri:0, instance:DemoBlazeTests.TC_005_AddToCartTest@fbd1f6]" started-at="2023-08-17T02:25:07 EDT" name="afterTest" finished-at="2023-08-17T02:25:07 EDT" duration-ms="1" status="PASS">
          <reporter-output>
          </reporter-output>
        </test-method> <!-- afterTest -->
        <test-method is-config="true" signature="afterSuite()[pri:0, instance:DemoBlazeTests.TC_005_AddToCartTest@fbd1f6]" started-at="2023-08-17T02:25:07 EDT" name="afterSuite" finished-at="2023-08-17T02:25:08 EDT" duration-ms="203" status="PASS">
          <reporter-output>
          </reporter-output>
        </test-method> <!-- afterSuite -->
      </class> <!-- DemoBlazeTests.TC_005_AddToCartTest -->
    </test> <!-- Default test -->
  </suite> <!-- Default suite -->
</testng-results>
